Project name: f4ktion_kernel
 f4k - cpufreq: smartmax: test some tweaks.
 f4k - msm: update msm_rq_stats for msm_hotplug.
 f4k - cpufreq: update intellidemand for dualcore devices.
 f4k - msm: intelli_plug: we only have 2 cores.
 f4k - msm: msm_hotplug disabled by default.
 barome - mm: Added filesystem dynamic read-ahead
 Cristoforo Cataldo - char: Added Fast Random generator support (frandom)
 Cristoforo Cataldo - CK3 tweaks (Credits to Con Kolivas)
 anarkia1976 - msm: rq_stats: squashed from hammerhead branch
 f4k - msm: add msm_hotplug by myfluxi and anarkia1976.
 f4k - sbuild: update Linaro toolchain to 2014.06
 f4k - Linux 3.4.94
 f4k - cpufreq_intellidemand.c: enable touch boost for S4 Mini touchscreen
 f4k - 1.4.8
 Naresh Jayaram - msm: wcnss: Dump PMIC regulator contol registers
 Anirudh Ghayal - mfd: pm8xxx-misc: Add API to read PMIC registers
 Arne Coucheron - wlan: prima: Sync with kk_2.7-stable
 Jordan Crouse - msm: kgsl: Cleanup the memory free list
 Srivatsa Vaddagiri - sched: Set MC (multi-core) sched domain's busy_factor attribute to 1
 Felipe Balbi 2 - ARM: 7565/1: sched: stop sched_clock() during suspend
 Colin Cross - ARM: 7486/1: sched_clock: update epoch_cyc on resume
 Peter Zijlstra - sched: Make sure to not re-read variables after validation
 Srivatsa Vaddagiri - sched: re-calculate a cpu's next_balance point upon sched domain changes
 Srivatsa Vaddagiri - sched: Reset rq->next_interval before going idle
 Jordan Crouse - msm: kgsl: use %pK to restrict printing GPU / memory addresses
 Jordan Crouse - msm: kgsl: Add the buffer user address to the debugfs memory list
 Utsab Bose - msm: dma: Moving queue_work() function within spinlock
 f4k - defconfig: enable Faux's Intellidemand CPU governor.
 faux123 - Squashed update of Faux123's Intellidemand.
 Paul Reioux - cpufreq/cpufreq_intellidemand: intellidemand cpufreq governor (version 4.0)
 f4k - cpufreq: add OndemandPlus CPU governor.
 f4k - Linux 3.4.93
 f4k - defconfig: enable INTELLI_PLUG
 faux123 - Squashed update of Faux123's intelli_plug.
 Paul Reioux - intelli_plug: intelligent hotplug cpu driver with eco mode
 faux123 - scheduler: Re-compute time-average nr_running on read
 Alex Frid - proc: enhance time-average nr_running stats
 Paul Reioux - scheduler: compute time-average nr_running per run-queue
 anarkia1976 - xz: Optimize Sfck Compression
 LaboDJ - f2fs: fix wrong statistics of inline data If we remove a file that has inline data after mount, our statistics turns to inaccurate.
 LaboDJ - Compressed: optimize for Cortex A15
 franciscofranco - block: row: add magic values.
 f4k - Linux 3.4.92
 f4k - USB: gadget: mtp: Fix hang in ioctl(MTP_RECEIVE_FILE) for WritePartialObjet
 Paul Reioux - USB: gadget: rndis: Optimize tx path for better performance
 f4k - Correct fix for f_qdss.c
 f4k - Correct fix for hci_conn.c
 f4k - exfat: AIO Optimization compatibility fixup
 Dave Kleikamp - AIO: Don't plug the I/O queue in do_io_submit() Asynchronous I/O latency to a solid-state disk greatly increased between the 2.6.32 and 3.0 kernels. By removing the plug from do_io_submit(), we observed a 34% improvement in the I/O latency.
 Waiman Long - SELinux: Reduce overhead of mls_level_isvalid() function call
 f4k - defconfig: Enable AIO OPTIMIZATION.
 faux123 - tmpfs: add support for read_iter and write_iter
 Dave Kleikamp - iov_iter: move into its own file (bug fix)
 Dave Kleikamp - ecrpytfs: Convert aio_read/write ops to read/write_iter
 faux123 - ext4: add support for read_iter and write_iter
 Dave Kleikamp - fs: use read_iter and write_iter rather than aio_read and aio_write
 faux123 - fs: create file_readable() and file_writable() functions
 faux123 - loop: use aio to perform io on the underlying file
 faux123 - bio: add bvec_length(), like iov_length()
 faux123 - aio: add aio support for iov_iter arguments
 faux123 - aio: add aio_kernel_() interface
 faux123 - fs: pull iov_iter use higher up the stack
 faux123 - dio: add bio_vec support to __blockdev_direct_IO()
 faux123 - dio: Convert direct_IO to use iov_iter
 Zach Brown - iov_iter: let callers extract iovecs and bio_vecs
 Zach Brown - iov_iter: add a shorten call
 Zach Brown - iov_iter: add bvec support
 faux123 - iov_iter: hide iovec details behind ops function pointers
 Dave Kleikamp - fuse: convert fuse to use iov_iter_copy_[to|from]_user
 Zach Brown - iov_iter: add copy_to_user support
 Dave Kleikamp - iov_iter: iov_iter_copy_from_user() should use non-atomic copy
 Zach Brown - iov_iter: move into its own file
 Paul Reioux - arch/arm/mach-msm/cpufreq.c: reduce dmesg log spam
 Waiman Long - mutex: back out architecture specific check for negative mutex count
 Waiman Long - mutex: Queue mutex spinners with MCS lock to reduce cacheline contention
 Waiman Long - mutex: Make more scalable by doing less atomic operations

